function -> -1
void -> -1
main -> (21, 0)
( -> -1
) -> -1
{ -> -1
number -> -1
a -> (47, 0)
= -> -1
read -> -1
( -> -1
) -> -1
; -> -1
number -> -1
b -> (48, 0)
= -> -1
read -> -1
( -> -1
) -> -1
; -> -1
while -> -1
( -> -1
b -> (48, 0)
! -> -1
= -> -1
0 -> (48, 1)
) -> -1
{ -> -1
number -> -1
aux -> (34, 0)
= -> -1
b -> (48, 0)
; -> -1
b -> (48, 0)
= -> -1
a -> (47, 0)
% -> -1
b -> (48, 0)
; -> -1
a -> (47, 0)
= -> -1
aux -> (34, 0)
; -> -1
} -> -1
write -> -1
( -> -1
a -> (47, 0)
) -> -1
; -> -1
} -> -1
